This is pdfTeX, Version 3.14159265-2.6-1.40.21 (MiKTeX 20.7) (preloaded format=pdflatex 2020.9.22)  2 NOV 2020 19:50
entering extended mode
**./25_del3.tex
(25_del3.tex
LaTeX2e <2020-02-02> patch level 5
L3 programming layer <2020-09-03>
("C:\Users\Azeliah\AppData\Local\Programs\MiKTeX 2\tex/latex/base\article.cls"
Document Class: article 2019/12/20 v1.4l Standard LaTeX document class
("C:\Users\Azeliah\AppData\Local\Programs\MiKTeX 2\tex/latex/base\size12.clo"
File: size12.clo 2019/12/20 v1.4l Standard LaTeX file (size option)
)
\c@part=\count168
\c@section=\count169
\c@subsection=\count170
\c@subsubsection=\count171
\c@paragraph=\count172
\c@subparagraph=\count173
\c@figure=\count174
\c@table=\count175
\abovecaptionskip=\skip47
\belowcaptionskip=\skip48
\bibindent=\dimen134
) ("C:\Users\Azeliah\AppData\Local\Programs\MiKTeX 2\tex/latex/base\fontenc.sty
"
Package: fontenc 2020/02/11 v2.0o Standard LaTeX package
) ("C:\Users\Azeliah\AppData\Local\Programs\MiKTeX 2\tex/latex/base\inputenc.st
y"
Package: inputenc 2018/08/11 v1.3c Input encoding file
\inpenc@prehook=\toks15
\inpenc@posthook=\toks16
)
("C:\Users\Azeliah\AppData\Local\Programs\MiKTeX 2\tex/latex/geometry\geometry.
sty"
Package: geometry 2020/01/02 v5.9 Page Geometry

("C:\Users\Azeliah\AppData\Local\Programs\MiKTeX 2\tex/latex/graphics\keyval.st
y"
Package: keyval 2014/10/28 v1.15 key=value parser (DPC)
\KV@toks@=\toks17
)
("C:\Users\Azeliah\AppData\Local\Programs\MiKTeX 2\tex/generic/iftex\ifvtex.sty
"
Package: ifvtex 2019/10/25 v1.7 ifvtex legacy package. Use iftex instead.
 ("C:\Users\Azeliah\AppData\Local\Programs\MiKTeX 2\tex/generic/iftex\iftex.sty
"
Package: iftex 2020/03/06 v1.0d TeX engine tests
))
\Gm@cnth=\count176
\Gm@cntv=\count177
\c@Gm@tempcnt=\count178
\Gm@bindingoffset=\dimen135
\Gm@wd@mp=\dimen136
\Gm@odd@mp=\dimen137
\Gm@even@mp=\dimen138
\Gm@layoutwidth=\dimen139
\Gm@layoutheight=\dimen140
\Gm@layouthoffset=\dimen141
\Gm@layoutvoffset=\dimen142
\Gm@dimlist=\toks18

("C:\Users\Azeliah\AppData\Local\Programs\MiKTeX 2\tex/latex/geometry\geometry.
cfg"))
("C:\Users\Azeliah\AppData\Local\Programs\MiKTeX 2\tex/generic/babel\babel.sty"
Package: babel 2020/09/01 3.48 The Babel package
("C:\Users\Azeliah\AppData\Local\Programs\MiKTeX 2\tex/generic/babel\babel.def"
File: babel.def 2020/09/01 3.48 Babel common definitions
\babel@savecnt=\count179
\U@D=\dimen143
\l@babelnohyphens=\language79

("C:\Users\Azeliah\AppData\Local\Programs\MiKTeX 2\tex/generic/babel\txtbabel.d
ef")
\bbl@readstream=\read2
)
\bbl@dirlevel=\count180

*************************************
* Local config file bblopts.cfg used
*
("C:\Users\Azeliah\AppData\Local\Programs\MiKTeX 2\tex/latex/arabi\bblopts.cfg"
File: bblopts.cfg 2005/09/08 v0.1 add Arabic and Farsi to "declared" options of
 babel
)
("C:\Users\Azeliah\AppData\Local\Programs\MiKTeX 2\tex/latex/babel-english\engl
ish.ldf"
Language: english 2017/06/06 v3.3r English support from the babel system
Package babel Info: \l@canadian = using hyphenrules for english
(babel)             (\language0) on input line 102.
Package babel Info: \l@australian = using hyphenrules for ukenglish
(babel)             (\language73) on input line 105.
Package babel Info: \l@newzealand = using hyphenrules for ukenglish
(babel)             (\language73) on input line 108.
)
("C:\Users\Azeliah\AppData\Local\Programs\MiKTeX 2\tex/latex/babel-danish\danis
h.ldf"
Language: danish 2009/09/19 v1.3r Danish support from the babel system
Package babel Info: Making " an active character on input line 82.
))
("C:\Users\Azeliah\AppData\Local\Programs\MiKTeX 2\tex/latex/listings\listings.
sty"
\lst@mode=\count181
\lst@gtempboxa=\box45
\lst@token=\toks19
\lst@length=\count182
\lst@currlwidth=\dimen144
\lst@column=\count183
\lst@pos=\count184
\lst@lostspace=\dimen145
\lst@width=\dimen146
\lst@newlines=\count185
\lst@lineno=\count186
\lst@maxwidth=\dimen147

("C:\Users\Azeliah\AppData\Local\Programs\MiKTeX 2\tex/latex/listings\lstmisc.s
ty"
File: lstmisc.sty 2020/03/24 1.8d (Carsten Heinz)
\c@lstnumber=\count187
\lst@skipnumbers=\count188
\lst@framebox=\box46
)
("C:\Users\Azeliah\AppData\Local\Programs\MiKTeX 2\tex/latex/listings\listings.
cfg"
File: listings.cfg 2020/03/24 1.8d listings configuration
))
Package: listings 2020/03/24 1.8d (Carsten Heinz)

("C:\Users\Azeliah\AppData\Local\Programs\MiKTeX 2\tex/latex/graphics\color.sty
"
Package: color 2019/11/23 v1.2a Standard LaTeX Color (DPC)

("C:\Users\Azeliah\AppData\Local\Programs\MiKTeX 2\tex/latex/graphics-cfg\color
.cfg"
File: color.cfg 2016/01/02 v1.6 sample color configuration
)
Package color Info: Driver file: pdftex.def on input line 147.

("C:\Users\Azeliah\AppData\Local\Programs\MiKTeX 2\tex/latex/graphics-def\pdfte
x.def"
File: pdftex.def 2020/08/26 v1.2 Graphics/color driver for pdftex
))
("C:\Users\Azeliah\AppData\Local\Programs\MiKTeX 2\tex/latex/titlesec\titlesec.
sty"
Package: titlesec 2019/10/16 v2.13 Sectioning titles
\ttl@box=\box47
\beforetitleunit=\skip49
\aftertitleunit=\skip50
\ttl@plus=\dimen148
\ttl@minus=\dimen149
\ttl@toksa=\toks20
\titlewidth=\dimen150
\titlewidthlast=\dimen151
\titlewidthfirst=\dimen152
)
("C:\Users\Azeliah\AppData\Local\Programs\MiKTeX 2\tex/latex/titling\titling.st
y"
Package: titling 2009/09/04 v2.1d maketitle typesetting
\thanksmarkwidth=\skip51
\thanksmargin=\skip52
\droptitle=\skip53
)
("C:\Users\Azeliah\AppData\Local\Programs\MiKTeX 2\tex/latex/matlab-prettifier\
matlab-prettifier.sty"
Package: matlab-prettifier 2014/06/19 v0.3 A package for prettyprinting Matlab 
source code

("C:\Users\Azeliah\AppData\Local\Programs\MiKTeX 2\tex/latex/base\textcomp.sty"
Package: textcomp 2020/02/02 v2.0n Standard LaTeX package
) ("C:\Users\Azeliah\AppData\Local\Programs\MiKTeX 2\tex/latex/xcolor\xcolor.st
y"
Package: xcolor 2016/05/11 v2.12 LaTeX color extensions (UK)

("C:\Users\Azeliah\AppData\Local\Programs\MiKTeX 2\tex/latex/graphics-cfg\color
.cfg"
File: color.cfg 2016/01/02 v1.6 sample color configuration
)
Package xcolor Info: Driver file: pdftex.def on input line 225.
LaTeX Info: Redefining \color on input line 709.
Package xcolor Info: Model `cmy' substituted by `cmy0' on input line 1348.
Package xcolor Info: Model `hsb' substituted by `rgb' on input line 1352.
Package xcolor Info: Model `RGB' extended on input line 1364.
Package xcolor Info: Model `HTML' substituted by `rgb' on input line 1366.
Package xcolor Info: Model `Hsb' substituted by `hsb' on input line 1367.
Package xcolor Info: Model `tHsb' substituted by `hsb' on input line 1368.
Package xcolor Info: Model `HSB' substituted by `hsb' on input line 1369.
Package xcolor Info: Model `Gray' substituted by `gray' on input line 1370.
Package xcolor Info: Model `wave' substituted by `hsb' on input line 1371.
)
\netBracketCount@mlpr=\count189
\blkLvl@mlpr=\count190
\blkLvlAtClassdef@mlpr=\count191
\emHeight@mlpr=\skip54
\jayDepth@mlpr=\skip55
\sectionRuleOffset@mlpr=\skip56
\toks@mlpr=\toks21
)
("C:\Users\Azeliah\AppData\Local\Programs\MiKTeX 2\tex/latex/changepage\changep
age.sty"
Package: changepage 2009/10/20 v1.0c check page and change page layout
\c@cp@cntr=\count192
\cp@tempcnt=\count193
)
("C:\Users\Azeliah\AppData\Local\Programs\MiKTeX 2\tex/latex/amsmath\amsmath.st
y"
Package: amsmath 2020/01/20 v2.17e AMS math features
\@mathmargin=\skip57

For additional information on amsmath, use the `?' option.

("C:\Users\Azeliah\AppData\Local\Programs\MiKTeX 2\tex/latex/amsmath\amstext.st
y"
Package: amstext 2000/06/29 v2.01 AMS text

("C:\Users\Azeliah\AppData\Local\Programs\MiKTeX 2\tex/latex/amsmath\amsgen.sty
"
File: amsgen.sty 1999/11/30 v2.0 generic functions
\@emptytoks=\toks22
\ex@=\dimen153
))
("C:\Users\Azeliah\AppData\Local\Programs\MiKTeX 2\tex/latex/amsmath\amsbsy.sty
"
Package: amsbsy 1999/11/29 v1.2d Bold Symbols
\pmbraise@=\dimen154
)
("C:\Users\Azeliah\AppData\Local\Programs\MiKTeX 2\tex/latex/amsmath\amsopn.sty
"
Package: amsopn 2016/03/08 v2.02 operator names
)
\inf@bad=\count194
LaTeX Info: Redefining \frac on input line 227.
\uproot@=\count195
\leftroot@=\count196
LaTeX Info: Redefining \overline on input line 389.
\classnum@=\count197
\DOTSCASE@=\count198
LaTeX Info: Redefining \ldots on input line 486.
LaTeX Info: Redefining \dots on input line 489.
LaTeX Info: Redefining \cdots on input line 610.
\Mathstrutbox@=\box48
\strutbox@=\box49
\big@size=\dimen155
LaTeX Font Info:    Redeclaring font encoding OML on input line 733.
LaTeX Font Info:    Redeclaring font encoding OMS on input line 734.
\macc@depth=\count199
\c@MaxMatrixCols=\count266
\dotsspace@=\muskip16
\c@parentequation=\count267
\dspbrk@lvl=\count268
\tag@help=\toks23
\row@=\count269
\column@=\count270
\maxfields@=\count271
\andhelp@=\toks24
\eqnshift@=\dimen156
\alignsep@=\dimen157
\tagshift@=\dimen158
\tagwidth@=\dimen159
\totwidth@=\dimen160
\lineht@=\dimen161
\@envbody=\toks25
\multlinegap=\skip58
\multlinetaggap=\skip59
\mathdisplay@stack=\toks26
LaTeX Info: Redefining \[ on input line 2859.
LaTeX Info: Redefining \] on input line 2860.
)
("C:\Users\Azeliah\AppData\Local\Programs\MiKTeX 2\tex/latex/hyperref\hyperref.
sty"
Package: hyperref 2020-05-15 v7.00e Hypertext links for LaTeX

("C:\Users\Azeliah\AppData\Local\Programs\MiKTeX 2\tex/generic/ltxcmds\ltxcmds.
sty"
Package: ltxcmds 2019/12/15 v1.24 LaTeX kernel commands for general use (HO)
)
("C:\Users\Azeliah\AppData\Local\Programs\MiKTeX 2\tex/generic/pdftexcmds\pdfte
xcmds.sty"
Package: pdftexcmds 2020-06-27 v0.33 Utility functions of pdfTeX for LuaTeX (HO
)

("C:\Users\Azeliah\AppData\Local\Programs\MiKTeX 2\tex/generic/infwarerr\infwar
err.sty"
Package: infwarerr 2019/12/03 v1.5 Providing info/warning/error messages (HO)
)
Package pdftexcmds Info: \pdf@primitive is available.
Package pdftexcmds Info: \pdf@ifprimitive is available.
Package pdftexcmds Info: \pdfdraftmode found.
)
("C:\Users\Azeliah\AppData\Local\Programs\MiKTeX 2\tex/generic/kvsetkeys\kvsetk
eys.sty"
Package: kvsetkeys 2019/12/15 v1.18 Key value parser (HO)
)
("C:\Users\Azeliah\AppData\Local\Programs\MiKTeX 2\tex/generic/kvdefinekeys\kvd
efinekeys.sty"
Package: kvdefinekeys 2019-12-19 v1.6 Define keys (HO)
)
("C:\Users\Azeliah\AppData\Local\Programs\MiKTeX 2\tex/generic/pdfescape\pdfesc
ape.sty"
Package: pdfescape 2019/12/09 v1.15 Implements pdfTeX's escape features (HO)
)
("C:\Users\Azeliah\AppData\Local\Programs\MiKTeX 2\tex/latex/hycolor\hycolor.st
y"
Package: hycolor 2020-01-27 v1.10 Color options for hyperref/bookmark (HO)
)
("C:\Users\Azeliah\AppData\Local\Programs\MiKTeX 2\tex/latex/letltxmacro\letltx
macro.sty"
Package: letltxmacro 2019/12/03 v1.6 Let assignment for LaTeX macros (HO)
)
("C:\Users\Azeliah\AppData\Local\Programs\MiKTeX 2\tex/latex/auxhook\auxhook.st
y"
Package: auxhook 2019-12-17 v1.6 Hooks for auxiliary files (HO)
)
("C:\Users\Azeliah\AppData\Local\Programs\MiKTeX 2\tex/latex/kvoptions\kvoption
s.sty"
Package: kvoptions 2019/11/29 v3.13 Key value format for package options (HO)
)
\@linkdim=\dimen162
\Hy@linkcounter=\count272
\Hy@pagecounter=\count273

("C:\Users\Azeliah\AppData\Local\Programs\MiKTeX 2\tex/latex/hyperref\pd1enc.de
f"
File: pd1enc.def 2020-05-15 v7.00e Hyperref: PDFDocEncoding definition (HO)
Now handling font encoding PD1 ...
... no UTF-8 mapping file for font encoding PD1
)
("C:\Users\Azeliah\AppData\Local\Programs\MiKTeX 2\tex/generic/intcalc\intcalc.
sty"
Package: intcalc 2019/12/15 v1.3 Expandable calculations with integers (HO)
)
("C:\Users\Azeliah\AppData\Local\Programs\MiKTeX 2\tex/generic/etexcmds\etexcmd
s.sty"
Package: etexcmds 2019/12/15 v1.7 Avoid name clashes with e-TeX commands (HO)
)
\Hy@SavedSpaceFactor=\count274
Package hyperref Info: Hyper figures OFF on input line 4464.
Package hyperref Info: Link nesting OFF on input line 4469.
Package hyperref Info: Hyper index ON on input line 4472.
Package hyperref Info: Plain pages OFF on input line 4479.
Package hyperref Info: Backreferencing OFF on input line 4484.
Package hyperref Info: Implicit mode ON; LaTeX internals redefined.
Package hyperref Info: Bookmarks ON on input line 4717.
\c@Hy@tempcnt=\count275
 ("C:\Users\Azeliah\AppData\Local\Programs\MiKTeX 2\tex/latex/url\url.sty"
\Urlmuskip=\muskip17
Package: url 2013/09/16  ver 3.4  Verb mode for urls, etc.
)
LaTeX Info: Redefining \url on input line 5076.
\XeTeXLinkMargin=\dimen163

("C:\Users\Azeliah\AppData\Local\Programs\MiKTeX 2\tex/generic/bitset\bitset.st
y"
Package: bitset 2019/12/09 v1.3 Handle bit-vector datatype (HO)

("C:\Users\Azeliah\AppData\Local\Programs\MiKTeX 2\tex/generic/bigintcalc\bigin
tcalc.sty"
Package: bigintcalc 2019/12/15 v1.5 Expandable calculations on big integers (HO
)
))
\Fld@menulength=\count276
\Field@Width=\dimen164
\Fld@charsize=\dimen165
Package hyperref Info: Hyper figures OFF on input line 6347.
Package hyperref Info: Link nesting OFF on input line 6352.
Package hyperref Info: Hyper index ON on input line 6355.
Package hyperref Info: backreferencing OFF on input line 6362.
Package hyperref Info: Link coloring OFF on input line 6367.
Package hyperref Info: Link coloring with OCG OFF on input line 6372.
Package hyperref Info: PDF/A mode OFF on input line 6377.
LaTeX Info: Redefining \ref on input line 6417.
LaTeX Info: Redefining \pageref on input line 6421.

("C:\Users\Azeliah\AppData\Local\Programs\MiKTeX 2\tex/generic/atbegshi\atbegsh
i.sty"
Package: atbegshi 2019/12/05 v1.19 At begin shipout hook (HO)
)
\Hy@abspage=\count277
\c@Item=\count278
\c@Hfootnote=\count279
)
Package hyperref Info: Driver (autodetected): hpdftex.

("C:\Users\Azeliah\AppData\Local\Programs\MiKTeX 2\tex/latex/hyperref\hpdftex.d
ef"
File: hpdftex.def 2020-05-15 v7.00e Hyperref driver for pdfTeX

("C:\Users\Azeliah\AppData\Local\Programs\MiKTeX 2\tex/latex/atveryend\atveryen
d.sty"
Package: atveryend 2019-12-11 v1.11 Hooks at the very end of document (HO)
Package atveryend Info: \enddocument detected (standard20110627).
)
\Fld@listcount=\count280
\c@bookmark@seq@number=\count281

("C:\Users\Azeliah\AppData\Local\Programs\MiKTeX 2\tex/latex/rerunfilecheck\rer
unfilecheck.sty"
Package: rerunfilecheck 2019/12/05 v1.9 Rerun checks for auxiliary files (HO)

("C:\Users\Azeliah\AppData\Local\Programs\MiKTeX 2\tex/generic/uniquecounter\un
iquecounter.sty"
Package: uniquecounter 2019/12/15 v1.4 Provide unlimited unique counter (HO)
)
Package uniquecounter Info: New unique counter `rerunfilecheck' on input line 2
86.
)
\Hy@SectionHShift=\skip60
)
("C:\Users\Azeliah\AppData\Local\Programs\MiKTeX 2\tex/latex/enumitem\enumitem.
sty"
Package: enumitem 2019/06/20 v3.9 Customized lists
\labelindent=\skip61
\enit@outerparindent=\dimen166
\enit@toks=\toks27
\enit@inbox=\box50
\enit@count@id=\count282
\enitdp@description=\count283
)
("C:\Users\Azeliah\AppData\Local\Programs\MiKTeX 2\tex/latex/graphics\graphicx.
sty"
Package: graphicx 2019/11/30 v1.2a Enhanced LaTeX Graphics (DPC,SPQR)

("C:\Users\Azeliah\AppData\Local\Programs\MiKTeX 2\tex/latex/graphics\graphics.
sty"
Package: graphics 2019/11/30 v1.4a Standard LaTeX Graphics (DPC,SPQR)

("C:\Users\Azeliah\AppData\Local\Programs\MiKTeX 2\tex/latex/graphics\trig.sty"
Package: trig 2016/01/03 v1.10 sin cos tan (DPC)
)
("C:\Users\Azeliah\AppData\Local\Programs\MiKTeX 2\tex/latex/graphics-cfg\graph
ics.cfg"
File: graphics.cfg 2016/06/04 v1.11 sample graphics configuration
)
Package graphics Info: Driver file: pdftex.def on input line 105.
)
\Gin@req@height=\dimen167
\Gin@req@width=\dimen168
)
("C:\Users\Azeliah\AppData\Local\Programs\MiKTeX 2\tex/latex/fancyhdr\fancyhdr.
sty"
Package: fancyhdr 2019/01/31 v3.10 Extensive control of page headers and footer
s
\f@nch@headwidth=\skip62
\f@nch@O@elh=\skip63
\f@nch@O@erh=\skip64
\f@nch@O@olh=\skip65
\f@nch@O@orh=\skip66
\f@nch@O@elf=\skip67
\f@nch@O@erf=\skip68
\f@nch@O@olf=\skip69
\f@nch@O@orf=\skip70
)
("C:\Users\Azeliah\AppData\Local\Programs\MiKTeX 2\tex/latex/lastpage\lastpage.
sty"
Package: lastpage 2015/03/29 v1.2m Refers to last page's name (HMM; JPG)
)
("C:\Users\Azeliah\AppData\Local\Programs\MiKTeX 2\tex/latex/caption\caption.st
y"
Package: caption 2020/09/02 v3.5a Customizing captions (AR)

("C:\Users\Azeliah\AppData\Local\Programs\MiKTeX 2\tex/latex/caption\caption3.s
ty"
Package: caption3 2020/08/30 v2.0 caption3 kernel (AR)
\captionmargin=\dimen169
\captionmargin@=\dimen170
\captionwidth=\dimen171
\caption@tempdima=\dimen172
\caption@indent=\dimen173
\caption@parindent=\dimen174
\caption@hangindent=\dimen175
Package caption Info: Standard document class detected.
)
\c@caption@flags=\count284
\c@continuedfloat=\count285
Package caption Info: changepage package is loaded.
\caption@adjustwidth@hsize=\dimen176
\caption@adjustwidth@linewidth=\dimen177
Package caption Info: hyperref package is loaded.
Package caption Info: listings package is loaded.
)
("C:\Users\Azeliah\AppData\Local\Programs\MiKTeX 2\tex/latex/tocloft\tocloft.st
y"
Package: tocloft 2017/08/31 v2.3i parameterised ToC, etc., typesetting
Package tocloft Info: The document has section divisions on input line 51.
\cftparskip=\skip71
\cftbeforetoctitleskip=\skip72
\cftaftertoctitleskip=\skip73
\cftbeforepartskip=\skip74
\cftpartnumwidth=\skip75
\cftpartindent=\skip76
\cftbeforesecskip=\skip77
\cftsecindent=\skip78
\cftsecnumwidth=\skip79
\cftbeforesubsecskip=\skip80
\cftsubsecindent=\skip81
\cftsubsecnumwidth=\skip82
\cftbeforesubsubsecskip=\skip83
\cftsubsubsecindent=\skip84
\cftsubsubsecnumwidth=\skip85
\cftbeforeparaskip=\skip86
\cftparaindent=\skip87
\cftparanumwidth=\skip88
\cftbeforesubparaskip=\skip89
\cftsubparaindent=\skip90
\cftsubparanumwidth=\skip91
\cftbeforeloftitleskip=\skip92
\cftafterloftitleskip=\skip93
\cftbeforefigskip=\skip94
\cftfigindent=\skip95
\cftfignumwidth=\skip96
\c@lofdepth=\count286
\c@lotdepth=\count287
\cftbeforelottitleskip=\skip97
\cftafterlottitleskip=\skip98
\cftbeforetabskip=\skip99
\cfttabindent=\skip100
\cfttabnumwidth=\skip101
)
("C:\Users\Azeliah\AppData\Local\Programs\MiKTeX 2\tex/latex/setspace\setspace.
sty"
Package: setspace 2011/12/19 v6.7a set line spacing
)
("C:\Users\Azeliah\AppData\Local\Programs\MiKTeX 2\tex/latex/multirow\multirow.
sty"
Package: multirow 2019/05/31 v2.5 Span multiple rows of a table
\multirow@colwidth=\skip102
\multirow@cntb=\count288
\multirow@dima=\skip103
\bigstrutjot=\dimen178
)
("C:\Users\Azeliah\AppData\Local\Programs\MiKTeX 2\tex/latex/float\float.sty"
Package: float 2001/11/08 v1.3d Float enhancements (AL)
\c@float@type=\count289
\float@exts=\toks28
\float@box=\box51
\@float@everytoks=\toks29
\@floatcapt=\box52
)
("C:\Users\Azeliah\AppData\Local\Programs\MiKTeX 2\tex/latex/comment\comment.st
y"
\CommentStream=\write3
 Excluding comment 'comment')
("C:\Users\Azeliah\AppData\Local\Programs\MiKTeX 2\tex/latex/booktabs\booktabs.
sty"
Package: booktabs 2020/01/12 v1.61803398 Publication quality tables
\heavyrulewidth=\dimen179
\lightrulewidth=\dimen180
\cmidrulewidth=\dimen181
\belowrulesep=\dimen182
\belowbottomsep=\dimen183
\aboverulesep=\dimen184
\abovetopsep=\dimen185
\cmidrulesep=\dimen186
\cmidrulekern=\dimen187
\defaultaddspace=\dimen188
\@cmidla=\count290
\@cmidlb=\count291
\@aboverulesep=\dimen189
\@belowrulesep=\dimen190
\@thisruleclass=\count292
\@lastruleclass=\count293
\@thisrulewidth=\dimen191
)
("C:\Users\Azeliah\AppData\Local\Programs\MiKTeX 2\tex/latex/tools\indentfirst.
sty"
Package: indentfirst 1995/11/23 v1.03 Indent first paragraph (DPC)
)
("C:\Users\Azeliah\AppData\Local\Programs\MiKTeX 2\tex/latex/graphics\lscape.st
y"
Package: lscape 2000/10/22 v3.01 Landscape Pages (DPC)
)
("C:\Users\Azeliah\AppData\Local\Programs\MiKTeX 2\tex/latex/threeparttable\thr
eeparttable.sty"
Package: threeparttable 2003/06/13  v 3.0
\@tempboxb=\box53
)
("C:\Users\Azeliah\AppData\Local\Programs\MiKTeX 2\tex/latex/nomencl\nomencl.st
y"
Package: nomencl 2020/03/01 v5.4 Nomenclature package

("C:\Users\Azeliah\AppData\Local\Programs\MiKTeX 2\tex/latex/xkeyval\xkeyval.st
y"
Package: xkeyval 2014/12/03 v2.7a package option processing (HA)

("C:\Users\Azeliah\AppData\Local\Programs\MiKTeX 2\tex/generic/xkeyval\xkeyval.
tex"
("C:\Users\Azeliah\AppData\Local\Programs\MiKTeX 2\tex/generic/xkeyval\xkvutils
.tex"
\XKV@toks=\toks30
\XKV@tempa@toks=\toks31
)
\XKV@depth=\count294
File: xkeyval.tex 2014/12/03 v2.7a key=value parser (HA)
))
("C:\Users\Azeliah\AppData\Local\Programs\MiKTeX 2\tex/latex/base\ifthen.sty"
Package: ifthen 2014/09/29 v1.1c Standard LaTeX ifthen package (DPC)
)
("C:\Users\Azeliah\AppData\Local\Programs\MiKTeX 2\tex/latex/koma-script\tocbas
ic.sty"
Package: tocbasic 2020/07/22 v3.31 KOMA-Script package (handling toc-files)

("C:\Users\Azeliah\AppData\Local\Programs\MiKTeX 2\tex/latex/koma-script\scrbas
e.sty"
Package: scrbase 2020/07/22 v3.31 KOMA-Script package (KOMA-Script-independent 
basics and keyval usage)

("C:\Users\Azeliah\AppData\Local\Programs\MiKTeX 2\tex/latex/koma-script\scrlfi
le.sty"
Package: scrlfile 2020/07/22 v3.31 KOMA-Script package (loading files)
))
\scr@dte@tocline@numberwidth=\skip104
\scr@dte@tocline@numbox=\box54
)
Package tocbasic Info: setting babel extension for `nlo' on input line 179.
Package tocbasic Info: setting babel extension for `nls' on input line 180.
\nomlabelwidth=\dimen192
\nom@tempdim=\dimen193
\nomitemsep=\skip105
)
("C:\Users\Azeliah\AppData\Local\Programs\MiKTeX 2\tex/latex/lipsum\lipsum.sty"
("C:\Users\Azeliah\AppData\Local\Programs\MiKTeX 2\tex/latex/l3kernel\expl3.sty
"
Package: expl3 2020-09-03 L3 programming layer (loader) 

("C:\Users\Azeliah\AppData\Local\Programs\MiKTeX 2\tex/latex/l3backend\l3backen
d-pdftex.def"
File: l3backend-pdftex.def 2020-09-01 L3 backend support: PDF output (pdfTeX)
\l__kernel_color_stack_int=\count295
\l__pdf_internal_box=\box55
))
("C:\Users\Azeliah\AppData\Local\Programs\MiKTeX 2\tex/latex/l3packages/xparse\
xparse.sty"
Package: xparse 2020-05-15 L3 Experimental document command parser

("C:\Users\Azeliah\AppData\Local\Programs\MiKTeX 2\tex/latex/l3packages/xparse\
xparse-generic.tex"
\l__xparse_current_arg_int=\count296
\g__xparse_grabber_int=\count297
\l__xparse_m_args_int=\count298
\l__xparse_v_nesting_int=\count299
))
Package: lipsum 2019/01/02 v2.2 150 paragraphs of Lorem Ipsum dummy text

("C:\Users\Azeliah\AppData\Local\Programs\MiKTeX 2\tex/latex/lipsum\lipsum.ltd.
tex"
File: lipsum.ltd.tex 2019/01/02 v2.2 The Lorem ipsum dummy text
))
("C:\Users\Azeliah\AppData\Local\Programs\MiKTeX 2\tex/latex/biblatex\biblatex.
sty"
Package: biblatex 2020/08/23 v3.15a programmable bibliographies (PK/MW)

("C:\Users\Azeliah\AppData\Local\Programs\MiKTeX 2\tex/latex/etoolbox\etoolbox.
sty"
Package: etoolbox 2020/08/24 v2.5j e-TeX tools for LaTeX (JAW)
\etb@tempcnta=\count300
)
("C:\Users\Azeliah\AppData\Local\Programs\MiKTeX 2\tex/latex/logreq\logreq.sty"
Package: logreq 2010/08/04 v1.0 xml request logger
\lrq@indent=\count301
("C:\Users\Azeliah\AppData\Local\Programs\MiKTeX 2\tex/latex/logreq\logreq.def"
File: logreq.def 2010/08/04 v1.0 logreq spec v1.0
))
\c@tabx@nest=\count302
\c@listtotal=\count303
\c@listcount=\count304
\c@liststart=\count305
\c@liststop=\count306
\c@citecount=\count307
\c@citetotal=\count308
\c@multicitecount=\count309
\c@multicitetotal=\count310
\c@instcount=\count311
\c@maxnames=\count312
\c@minnames=\count313
\c@maxitems=\count314
\c@minitems=\count315
\c@citecounter=\count316
\c@maxcitecounter=\count317
\c@savedcitecounter=\count318
\c@uniquelist=\count319
\c@uniquename=\count320
\c@refsection=\count321
\c@refsegment=\count322
\c@maxextratitle=\count323
\c@maxextratitleyear=\count324
\c@maxextraname=\count325
\c@maxextradate=\count326
\c@maxextraalpha=\count327
\c@abbrvpenalty=\count328
\c@highnamepenalty=\count329
\c@lownamepenalty=\count330
\c@maxparens=\count331
\c@parenlevel=\count332
\blx@tempcnta=\count333
\blx@tempcntb=\count334
\blx@tempcntc=\count335
\blx@maxsection=\count336
\blx@maxsegment@0=\count337
\blx@notetype=\count338
\blx@parenlevel@text=\count339
\blx@parenlevel@foot=\count340
\blx@sectionciteorder@0=\count341
\blx@entrysetcounter=\count342
\blx@biblioinstance=\count343
\labelnumberwidth=\skip106
\labelalphawidth=\skip107
\biblabelsep=\skip108
\bibitemsep=\skip109
\bibnamesep=\skip110
\bibinitsep=\skip111
\bibparsep=\skip112
\bibhang=\skip113
\blx@bcfin=\read3
\blx@bcfout=\write4
\blx@langwohyphens=\language80
\c@mincomprange=\count344
\c@maxcomprange=\count345
\c@mincompwidth=\count346
Package biblatex Info: Trying to load biblatex default data model...
Package biblatex Info: ... file 'blx-dm.def' found.

("C:\Users\Azeliah\AppData\Local\Programs\MiKTeX 2\tex/latex/biblatex\blx-dm.de
f"
File: blx-dm.def 2020/08/23 v3.15a biblatex localization (PK/MW)
)
Package biblatex Info: Trying to load biblatex custom data model...
Package biblatex Info: ... file 'biblatex-dm.cfg' not found.
\c@afterword=\count347
\c@savedafterword=\count348
\c@annotator=\count349
\c@savedannotator=\count350
\c@author=\count351
\c@savedauthor=\count352
\c@bookauthor=\count353
\c@savedbookauthor=\count354
\c@commentator=\count355
\c@savedcommentator=\count356
\c@editor=\count357
\c@savededitor=\count358
\c@editora=\count359
\c@savededitora=\count360
\c@editorb=\count361
\c@savededitorb=\count362
\c@editorc=\count363
\c@savededitorc=\count364
\c@foreword=\count365
\c@savedforeword=\count366
\c@holder=\count367
\c@savedholder=\count368
\c@introduction=\count369
\c@savedintroduction=\count370
\c@namea=\count371
\c@savednamea=\count372
\c@nameb=\count373
\c@savednameb=\count374
\c@namec=\count375
\c@savednamec=\count376
\c@translator=\count377
\c@savedtranslator=\count378
\c@shortauthor=\count379
\c@savedshortauthor=\count380
\c@shorteditor=\count381
\c@savedshorteditor=\count382
\c@labelname=\count383
\c@savedlabelname=\count384
\c@institution=\count385
\c@savedinstitution=\count386
\c@lista=\count387
\c@savedlista=\count388
\c@listb=\count389
\c@savedlistb=\count390
\c@listc=\count391
\c@savedlistc=\count392
\c@listd=\count393
\c@savedlistd=\count394
\c@liste=\count395
\c@savedliste=\count396
\c@listf=\count397
\c@savedlistf=\count398
\c@location=\count399
\c@savedlocation=\count400
\c@organization=\count401
\c@savedorganization=\count402
\c@origlocation=\count403
\c@savedoriglocation=\count404
\c@origpublisher=\count405
\c@savedorigpublisher=\count406
\c@publisher=\count407
\c@savedpublisher=\count408
\c@language=\count409
\c@savedlanguage=\count410
\c@origlanguage=\count411
\c@savedoriglanguage=\count412
\c@pageref=\count413
\c@savedpageref=\count414
\shorthandwidth=\skip114
\shortjournalwidth=\skip115
\shortserieswidth=\skip116
\shorttitlewidth=\skip117
\shortauthorwidth=\skip118
\shorteditorwidth=\skip119
\locallabelnumberwidth=\skip120
\locallabelalphawidth=\skip121
\localshorthandwidth=\skip122
\localshortjournalwidth=\skip123
\localshortserieswidth=\skip124
\localshorttitlewidth=\skip125
\localshortauthorwidth=\skip126
\localshorteditorwidth=\skip127
Package biblatex Info: Trying to load compatibility code...
Package biblatex Info: ... file 'blx-compat.def' found.

("C:\Users\Azeliah\AppData\Local\Programs\MiKTeX 2\tex/latex/biblatex\blx-compa
t.def"
File: blx-compat.def 2020/08/23 v3.15a biblatex compatibility (PK/MW)
)
Package biblatex Info: expl3
(biblatex)             2020-09-03 L3 programming layer (loader) 
(biblatex)             is new enough (at least 2020/04/06),
(biblatex)             setting 'casechanger=expl3'.
Package biblatex Info: Trying to load expl3 case changing code...
Package biblatex Info: ... file 'blx-case-expl3.def' found.

("C:\Users\Azeliah\AppData\Local\Programs\MiKTeX 2\tex/latex/biblatex\blx-case-
expl3.def"
File: blx-case-expl3 2020/08/23 v3.15a expl3 case changing code for biblatex
)
Package biblatex Info: Trying to load BibTeX backend compatibility...
Package biblatex Info: ... file 'blx-bibtex.def' found.

("C:\Users\Azeliah\AppData\Local\Programs\MiKTeX 2\tex/latex/biblatex\blx-bibte
x.def"
File: blx-bibtex.def 2020/08/23 v3.15a biblatex compatibility (PK/MW)


Package biblatex Warning: Using fall-back BibTeX(8) backend:
(biblatex)                functionality may be reduced/unavailable.

)
Package biblatex Info: Trying to load generic definitions...
Package biblatex Info: ... file 'biblatex.def' found.

("C:\Users\Azeliah\AppData\Local\Programs\MiKTeX 2\tex/latex/biblatex\biblatex.
def"
File: biblatex.def 2020/08/23 v3.15a biblatex compatibility (PK/MW)
\c@textcitecount=\count415
\c@textcitetotal=\count416
\c@textcitemaxnames=\count417
\c@biburlbigbreakpenalty=\count418
\c@biburlbreakpenalty=\count419
\c@biburlnumpenalty=\count420
\c@biburlucpenalty=\count421
\c@biburllcpenalty=\count422
\biburlbigskip=\muskip18
\biburlnumskip=\muskip19
\biburlucskip=\muskip20
\biburllcskip=\muskip21
\c@smartand=\count423
)
Package biblatex Info: Trying to load bibliography style 'numeric'...
Package biblatex Info: ... file 'numeric.bbx' found.

("C:\Users\Azeliah\AppData\Local\Programs\MiKTeX 2\tex/latex/biblatex/bbx\numer
ic.bbx"
File: numeric.bbx 2020/08/23 v3.15a biblatex bibliography style (PK/MW)
Package biblatex Info: Trying to load bibliography style 'standard'...
Package biblatex Info: ... file 'standard.bbx' found.

("C:\Users\Azeliah\AppData\Local\Programs\MiKTeX 2\tex/latex/biblatex/bbx\stand
ard.bbx"
File: standard.bbx 2020/08/23 v3.15a biblatex bibliography style (PK/MW)
\c@bbx:relatedcount=\count424
\c@bbx:relatedtotal=\count425
))
Package biblatex Info: Trying to load citation style 'numeric'...
Package biblatex Info: ... file 'numeric.cbx' found.

("C:\Users\Azeliah\AppData\Local\Programs\MiKTeX 2\tex/latex/biblatex/cbx\numer
ic.cbx"
File: numeric.cbx 2020/08/23 v3.15a biblatex citation style (PK/MW)
Package biblatex Info: Redefining '\cite'.
Package biblatex Info: Redefining '\parencite'.
Package biblatex Info: Redefining '\footcite'.
Package biblatex Info: Redefining '\footcitetext'.
Package biblatex Info: Redefining '\smartcite'.
Package biblatex Info: Redefining '\supercite'.
Package biblatex Info: Redefining '\textcite'.
Package biblatex Info: Redefining '\textcites'.
Package biblatex Info: Redefining '\cites'.
Package biblatex Info: Redefining '\parencites'.
Package biblatex Info: Redefining '\smartcites'.
)
Package biblatex Info: Trying to load configuration file...
Package biblatex Info: ... file 'biblatex.cfg' found.

("C:\Users\Azeliah\AppData\Local\Programs\MiKTeX 2\tex/latex/biblatex\biblatex.
cfg"
File: biblatex.cfg 
))
("C:\Users\Azeliah\AppData\Local\Programs\MiKTeX 2\tex/latex/listings\lstlang1.
sty"
File: lstlang1.sty 2020/03/24 1.8d listings language file
)
\c@stepsi=\count426
\enitdp@steps=\count427


Package biblatex Warning: 'babel/polyglossia' detected but 'csquotes' missing.
(biblatex)                Loading 'csquotes' recommended.

\@quotelevel=\count428
\@quotereset=\count429
(25_del3.aux)
\openout1 = `25_del3.aux'.

LaTeX Font Info:    Checking defaults for OML/cmm/m/it on input line 72.
LaTeX Font Info:    ... okay on input line 72.
LaTeX Font Info:    Checking defaults for OMS/cmsy/m/n on input line 72.
LaTeX Font Info:    ... okay on input line 72.
LaTeX Font Info:    Checking defaults for OT1/cmr/m/n on input line 72.
LaTeX Font Info:    ... okay on input line 72.
LaTeX Font Info:    Checking defaults for T1/cmr/m/n on input line 72.
LaTeX Font Info:    ... okay on input line 72.
LaTeX Font Info:    Checking defaults for TS1/cmr/m/n on input line 72.
LaTeX Font Info:    ... okay on input line 72.
LaTeX Font Info:    Checking defaults for OMX/cmex/m/n on input line 72.
LaTeX Font Info:    ... okay on input line 72.
LaTeX Font Info:    Checking defaults for U/cmr/m/n on input line 72.
LaTeX Font Info:    ... okay on input line 72.
LaTeX Font Info:    Checking defaults for PD1/pdf/m/n on input line 72.
LaTeX Font Info:    ... okay on input line 72.

*geometry* driver: auto-detecting
*geometry* detected driver: pdftex
*geometry* verbose mode - [ preamble ] result:
* driver: pdftex
* paper: a4paper
* layout: <same size as paper>
* layoutoffset:(h,v)=(0.0pt,0.0pt)
* modes: includehead includefoot 
* h-part:(L,W,R)=(64.01869pt, 469.47049pt, 64.01869pt)
* v-part:(T,H,B)=(64.01869pt, 717.00946pt, 64.01869pt)
* \paperwidth=597.50787pt
* \paperheight=845.04684pt
* \textwidth=469.47049pt
* \textheight=636.00946pt
* \oddsidemargin=-8.2513pt
* \evensidemargin=-8.2513pt
* \topmargin=-8.2513pt
* \headheight=16.0pt
* \headsep=25.0pt
* \topskip=12.0pt
* \footskip=50.0pt
* \marginparwidth=35.0pt
* \marginparsep=10.0pt
* \columnsep=10.0pt
* \skip\footins=10.8pt plus 4.0pt minus 2.0pt
* \hoffset=0.0pt
* \voffset=0.0pt
* \mag=1000
* \@twocolumnfalse
* \@twosidefalse
* \@mparswitchfalse
* \@reversemarginfalse
* (1in=72.27pt=25.4mm, 1cm=28.453pt)

\c@lstlisting=\count430

("C:\Users\Azeliah\AppData\Local\Programs\MiKTeX 2\tex/context/base/mkii\supp-p
df.mkii"
[Loading MPS to PDF converter (version 2006.09.02).]
\scratchcounter=\count431
\scratchdimen=\dimen194
\scratchbox=\box56
\nofMPsegments=\count432
\nofMParguments=\count433
\everyMPshowfont=\toks32
\MPscratchCnt=\count434
\MPscratchDim=\dimen195
\MPnumerator=\count435
\makeMPintoPDFobject=\count436
\everyMPtoPDFconversion=\toks33
)
("C:\Users\Azeliah\AppData\Local\Programs\MiKTeX 2\tex/latex/epstopdf-pkg\epsto
pdf-base.sty"
Package: epstopdf-base 2020-01-24 v2.11 Base part for package epstopdf

("C:\Users\Azeliah\AppData\Local\Programs\MiKTeX 2\tex/latex/grfext\grfext.sty"
Package: grfext 2019/12/03 v1.3 Manage graphics extensions (HO)
)
Package epstopdf-base Info: Redefining graphics rule for `.eps' on input line 4
85.
Package grfext Info: Graphics extension search list:
(grfext)             [.pdf,.png,.jpg,.mps,.jpeg,.jbig2,.jb2,.PDF,.PNG,.JPG,.JPE
G,.JBIG2,.JB2,.eps]
(grfext)             \AppendGraphicsExtensions on input line 504.
)
\AtBeginShipoutBox=\box57
Package hyperref Info: Link coloring OFF on input line 72.

("C:\Users\Azeliah\AppData\Local\Programs\MiKTeX 2\tex/latex/hyperref\nameref.s
ty"
Package: nameref 2019/09/16 v2.46 Cross-referencing by name of section

("C:\Users\Azeliah\AppData\Local\Programs\MiKTeX 2\tex/latex/refcount\refcount.
sty"
Package: refcount 2019/12/15 v3.6 Data extraction from label references (HO)
)
("C:\Users\Azeliah\AppData\Local\Programs\MiKTeX 2\tex/generic/gettitlestring\g
ettitlestring.sty"
Package: gettitlestring 2019/12/15 v1.6 Cleanup title references (HO)
)
\c@section@level=\count437
)
LaTeX Info: Redefining \ref on input line 72.
LaTeX Info: Redefining \pageref on input line 72.
LaTeX Info: Redefining \nameref on input line 72.
 (25_del3.out) (25_del3.out)
\@outlinefile=\write5
\openout5 = `25_del3.out'.

Package lastpage Info: Please have a look at the pageslts package at
(lastpage)             https://www.ctan.org/pkg/pageslts
(lastpage)             ! on input line 72.
Package caption Info: Begin \AtBeginDocument code.
Package caption Info: float package is loaded.
Package caption Info: threeparttable package is loaded.
Package caption Info: End \AtBeginDocument code.
Package biblatex Info: Trying to load language 'danish'...
Package biblatex Info: ... file 'danish.lbx' found.

("C:\Users\Azeliah\AppData\Local\Programs\MiKTeX 2\tex/latex/biblatex/lbx\danis
h.lbx"
File: danish.lbx 2020/08/23 v3.15a biblatex localization (PK/MW)
)
Package biblatex Info: Trying to load language 'english'...
Package biblatex Info: ... file 'english.lbx' found.

("C:\Users\Azeliah\AppData\Local\Programs\MiKTeX 2\tex/latex/biblatex/lbx\engli
sh.lbx"
File: english.lbx 2020/08/23 v3.15a biblatex localization (PK/MW)
)
Package biblatex Info: Input encoding 'utf8' detected.
Package biblatex Info: Automatic encoding selection.
(biblatex)             Assuming data encoding 'utf8'.
Package biblatex Info: Input encoding 'utf8' specified.
Package biblatex Info: Data encoding 'utf8' specified.
(biblatex)             No need to reencode data.
\openout4 = `25_del3-blx.bib'.

Package biblatex Info: Trying to load bibliographic data...
Package biblatex Info: ... file '25_del3.bbl' found.
 (25_del3.bbl)
Package biblatex Info: Reference section=0 on input line 72.
Package biblatex Info: Reference segment=0 on input line 72.
 (sources/0_frontpage.tex
<root/dtu.png, id=53, 123.5817pt x 57.3342pt>
File: root/dtu.png Graphic file (type png)
<use root/dtu.png>
Package pdftex.def Info: root/dtu.png  used on input line 6.
(pdftex.def)             Requested size: 187.78532pt x 87.12262pt.
<figures/adam.png, id=55, 77.53969pt x 105.39375pt>
File: figures/adam.png Graphic file (type png)
<use figures/adam.png>
Package pdftex.def Info: figures/adam.png  used on input line 29.
(pdftex.def)             Requested size: 62.03181pt x 84.3151pt.
<figures/andreas.png, id=56, 77.53969pt x 105.39375pt>
File: figures/andreas.png Graphic file (type png)
<use figures/andreas.png>
Package pdftex.def Info: figures/andreas.png  used on input line 31.
(pdftex.def)             Requested size: 62.03181pt x 84.3151pt.
<figures/bastian.png, id=57, 77.53969pt x 105.39375pt>
File: figures/bastian.png Graphic file (type png)
<use figures/bastian.png>
Package pdftex.def Info: figures/bastian.png  used on input line 33.
(pdftex.def)             Requested size: 62.03181pt x 84.3151pt.
<figures/jens.png, id=58, 77.53969pt x 105.39375pt>
File: figures/jens.png Graphic file (type png)
<use figures/jens.png>
Package pdftex.def Info: figures/jens.png  used on input line 49.
(pdftex.def)             Requested size: 62.03181pt x 84.3151pt.
<figures/martin.png, id=59, 77.53969pt x 105.39375pt>
File: figures/martin.png Graphic file (type png)
<use figures/martin.png>
Package pdftex.def Info: figures/martin.png  used on input line 51.
(pdftex.def)             Requested size: 62.03181pt x 84.3151pt.
<figures/michael.png, id=60, 77.53969pt x 105.39375pt>
File: figures/michael.png Graphic file (type png)
<use figures/michael.png>
Package pdftex.def Info: figures/michael.png  used on input line 53.
(pdftex.def)             Requested size: 62.03181pt x 84.3151pt.
 [1

{C:/Users/Azeliah/AppData/Local/MiKTeX/pdftex/config/pdftex.map} <./root/dtu.pn
g> <./figures/adam.png> <./figures/andreas.png> <./figures/bastian.png> <./figu
res/jens.png> <./figures/martin.png> <./figures/michael.png>]) (25_del3.toc)
\tf@toc=\write6
\openout6 = `25_del3.toc'.

<root/logo.pdf, id=89, 248.93pt x 58.2175pt>
File: root/logo.pdf Graphic file (type pdf)
<use root/logo.pdf>
Package pdftex.def Info: root/logo.pdf  used on input line 85.
(pdftex.def)             Requested size: 152.07877pt x 35.56593pt.
pdfTeX warning (ext4): destination with the same identifier (name{page.i}) has 
been already used, duplicate ignored
<to be read again> 
                   \relax 
l.85 \newpage
              [1 <./root/logo.pdf>] (sources/0_2_resume.tex)
(sources/1_introduction.tex)
File: root/logo.pdf Graphic file (type pdf)
<use root/logo.pdf>
Package pdftex.def Info: root/logo.pdf  used on input line 94.
(pdftex.def)             Requested size: 152.07877pt x 35.56593pt.
 [1] (sources/2_krav.tex) (sources/3_analyse.tex)
(sources/4_design.tex)
File: root/logo.pdf Graphic file (type pdf)
<use root/logo.pdf>
Package pdftex.def Info: root/logo.pdf  used on input line 101.
(pdftex.def)             Requested size: 152.07877pt x 35.56593pt.
 [2] (sources/5_implementering.tex)
File: root/logo.pdf Graphic file (type pdf)
<use root/logo.pdf>
Package pdftex.def Info: root/logo.pdf  used on input line 104.
(pdftex.def)             Requested size: 152.07877pt x 35.56593pt.
 [3]
(sources/5_1_brug.tex) (sources/6_test.tex)
File: root/logo.pdf Graphic file (type pdf)
<use root/logo.pdf>
Package pdftex.def Info: root/logo.pdf  used on input line 109.
(pdftex.def)             Requested size: 152.07877pt x 35.56593pt.
 [4] (sources/6_1_test.tex)
(sources/7_projektplan.tex) (sources/8_konklusion.tex)
File: root/logo.pdf Graphic file (type pdf)
<use root/logo.pdf>
Package pdftex.def Info: root/logo.pdf  used on input line 118.
(pdftex.def)             Requested size: 152.07877pt x 35.56593pt.
 [5] (25_del3.lof)
\tf@lof=\write7
\openout7 = `25_del3.lof'.



LaTeX Warning: Reference `endOfDoc' on page I undefined on input line 125.

File: root/logo.pdf Graphic file (type pdf)
<use root/logo.pdf>
Package pdftex.def Info: root/logo.pdf  used on input line 125.
(pdftex.def)             Requested size: 152.07877pt x 35.56593pt.
[1] (25_del3.lot)
\tf@lot=\write8
\openout8 = `25_del3.lot'.



LaTeX Warning: Reference `endOfDoc' on page II undefined on input line 134.

File: root/logo.pdf Graphic file (type pdf)
<use root/logo.pdf>
Package pdftex.def Info: root/logo.pdf  used on input line 134.
(pdftex.def)             Requested size: 152.07877pt x 35.56593pt.
[2]

LaTeX Warning: Empty bibliography on input line 136.


AED: lastpage setting LastPage
Package atveryend Info: Empty hook `BeforeClearDocument' on input line 142.
Package atveryend Info: Empty hook `AfterLastShipout' on input line 142.
(25_del3.aux)
Package atveryend Info: Executing hook `AtVeryEndDocument' on input line 142.
Package atveryend Info: Executing hook `AtEndAfterFileList' on input line 142.
Package rerunfilecheck Info: File `25_del3.out' has not changed.
(rerunfilecheck)             Checksum: 267D2775198DC1019470E6FA87EB92B1;581.


LaTeX Warning: There were undefined references.

Package logreq Info: Writing requests to '25_del3.run.xml'.
\openout1 = `25_del3.run.xml'.

Package atveryend Info: Empty hook `AtVeryVeryEnd' on input line 142.
 ) 
Here is how much of TeX's memory you used:
 20579 strings out of 481199
 360044 string characters out of 2903693
 1172273 words of memory out of 3000000
 35775 multiletter control sequences out of 15000+200000
 544494 words of font info for 49 fonts, out of 3000000 for 9000
 1141 hyphenation exceptions out of 8191
 54i,14n,118p,1852b,1672s stack positions out of 5000i,500n,10000p,200000b,50000s
 <C:\Users\Azeliah\AppData\Local\MiKTeX\fonts/pk/ljfour/jknappen/ec/dpi600\ec
bx1200.pk> <C:\Users\Azeliah\AppData\Local\MiKTeX\fonts/pk/ljfour/jknappen/ec/d
pi600\ecbx1728.pk> <C:\Users\Azeliah\AppData\Local\MiKTeX\fonts/pk/ljfour/jknap
pen/ec/dpi600\ecrm1200.pk> <C:\Users\Azeliah\AppData\Local\MiKTeX\fonts/pk/ljfo
ur/jknappen/ec/dpi600\ecxc1200.pk> <C:\Users\Azeliah\AppData\Local\MiKTeX\fonts
/pk/ljfour/jknappen/ec/dpi600\ecbx2488.pk>
Output written on 25_del3.pdf (9 pages, 278424 bytes).
PDF statistics:
 305 PDF objects out of 1000 (max. 8388607)
 20 named destinations out of 1000 (max. 500000)
 145 words of extra memory for PDF output out of 10000 (max. 10000000)

